This is pdfTeX, Version 3.14159265-2.6-1.40.17 (MiKTeX 2.9 64-bit) (preloaded format=pdflatex 2016.6.5)  10 DEC 2016 11:29
entering extended mode
**./seminar_paper.tex
(seminar_paper.tex
LaTeX2e <2016/03/31>
Babel <3.9r> and hyphenation patterns for 75 language(s) loaded.
("C:\Program Files (x86)\MikTex\MikTeXInstallation\tex\latex\base\article.cls"
Document Class: article 2014/09/29 v1.4h Standard LaTeX document class
("C:\Program Files (x86)\MikTex\MikTeXInstallation\tex\latex\base\size11.clo"
File: size11.clo 2014/09/29 v1.4h Standard LaTeX file (size option)
)
\c@part=\count79
\c@section=\count80
\c@subsection=\count81
\c@subsubsection=\count82
\c@paragraph=\count83
\c@subparagraph=\count84
\c@figure=\count85
\c@table=\count86
\abovecaptionskip=\skip41
\belowcaptionskip=\skip42
\bibindent=\dimen102
)
("C:\Program Files (x86)\MikTex\MikTeXInstallation\tex\latex\amsmath\amsmath.st
y"
Package: amsmath 2016/03/10 v2.15b AMS math features
\@mathmargin=\skip43

For additional information on amsmath, use the `?' option.

("C:\Program Files (x86)\MikTex\MikTeXInstallation\tex\latex\amsmath\amstext.st
y"
Package: amstext 2000/06/29 v2.01 AMS text

("C:\Program Files (x86)\MikTex\MikTeXInstallation\tex\latex\amsmath\amsgen.sty
"
File: amsgen.sty 1999/11/30 v2.0 generic functions
\@emptytoks=\toks14
\ex@=\dimen103
))
("C:\Program Files (x86)\MikTex\MikTeXInstallation\tex\latex\amsmath\amsbsy.sty
"
Package: amsbsy 1999/11/29 v1.2d Bold Symbols
\pmbraise@=\dimen104
)
("C:\Program Files (x86)\MikTex\MikTeXInstallation\tex\latex\amsmath\amsopn.sty
"
Package: amsopn 2016/03/08 v2.02 operator names
)
\inf@bad=\count87
LaTeX Info: Redefining \frac on input line 199.
\uproot@=\count88
\leftroot@=\count89
LaTeX Info: Redefining \overline on input line 297.
\classnum@=\count90
\DOTSCASE@=\count91
LaTeX Info: Redefining \ldots on input line 394.
LaTeX Info: Redefining \dots on input line 397.
LaTeX Info: Redefining \cdots on input line 518.
\Mathstrutbox@=\box26
\strutbox@=\box27
\big@size=\dimen105
LaTeX Font Info:    Redeclaring font encoding OML on input line 634.
LaTeX Font Info:    Redeclaring font encoding OMS on input line 635.
\macc@depth=\count92
\c@MaxMatrixCols=\count93
\dotsspace@=\muskip10
\c@parentequation=\count94
\dspbrk@lvl=\count95
\tag@help=\toks15
\row@=\count96
\column@=\count97
\maxfields@=\count98
\andhelp@=\toks16
\eqnshift@=\dimen106
\alignsep@=\dimen107
\tagshift@=\dimen108
\tagwidth@=\dimen109
\totwidth@=\dimen110
\lineht@=\dimen111
\@envbody=\toks17
\multlinegap=\skip44
\multlinetaggap=\skip45
\mathdisplay@stack=\toks18
LaTeX Info: Redefining \[ on input line 2739.
LaTeX Info: Redefining \] on input line 2740.
)
("C:\Program Files (x86)\MikTex\MikTeXInstallation\tex\latex\amsfonts\amssymb.s
ty"
Package: amssymb 2013/01/14 v3.01 AMS font symbols

("C:\Program Files (x86)\MikTex\MikTeXInstallation\tex\latex\amsfonts\amsfonts.
sty"
Package: amsfonts 2013/01/14 v3.01 Basic AMSFonts support
\symAMSa=\mathgroup4
\symAMSb=\mathgroup5
LaTeX Font Info:    Overwriting math alphabet `\mathfrak' in version `bold'
(Font)                  U/euf/m/n --> U/euf/b/n on input line 106.
))
("C:\Program Files (x86)\MikTex\MikTeXInstallation\tex\latex\amscls\amsthm.sty"
Package: amsthm 2015/03/04 v2.20.2
\thm@style=\toks19
\thm@bodyfont=\toks20
\thm@headfont=\toks21
\thm@notefont=\toks22
\thm@headpunct=\toks23
\thm@preskip=\skip46
\thm@postskip=\skip47
\thm@headsep=\skip48
\dth@everypar=\toks24
)
("C:\Program Files (x86)\MikTex\MikTeXInstallation\tex\latex\graphics\graphicx.
sty"
Package: graphicx 2014/10/28 v1.0g Enhanced LaTeX Graphics (DPC,SPQR)

("C:\Program Files (x86)\MikTex\MikTeXInstallation\tex\latex\graphics\keyval.st
y"
Package: keyval 2014/10/28 v1.15 key=value parser (DPC)
\KV@toks@=\toks25
)
("C:\Program Files (x86)\MikTex\MikTeXInstallation\tex\latex\graphics\graphics.
sty"
Package: graphics 2016/05/09 v1.0r Standard LaTeX Graphics (DPC,SPQR)

("C:\Program Files (x86)\MikTex\MikTeXInstallation\tex\latex\graphics\trig.sty"
Package: trig 2016/01/03 v1.10 sin cos tan (DPC)
)
("C:\Program Files (x86)\MikTex\MikTeXInstallation\tex\latex\00miktex\graphics.
cfg"
File: graphics.cfg 2016/01/02 v1.10 sample graphics configuration
)
Package graphics Info: Driver file: pdftex.def on input line 96.

("C:\Program Files (x86)\MikTex\MikTeXInstallation\tex\latex\pdftex-def\pdftex.
def"
File: pdftex.def 2011/05/27 v0.06d Graphics/color for pdfTeX

("C:\Program Files (x86)\MikTex\MikTeXInstallation\tex\generic\oberdiek\infware
rr.sty"
Package: infwarerr 2016/05/16 v1.4 Providing info/warning/error messages (HO)
)
("C:\Program Files (x86)\MikTex\MikTeXInstallation\tex\generic\oberdiek\ltxcmds
.sty"
Package: ltxcmds 2016/05/16 v1.23 LaTeX kernel commands for general use (HO)
)
\Gread@gobject=\count99
))
\Gin@req@height=\dimen112
\Gin@req@width=\dimen113
)
("C:\Program Files (x86)\MikTex\MikTeXInstallation\tex\latex\hyperref\hyperref.
sty"
Package: hyperref 2016/05/21 v6.83p Hypertext links for LaTeX

("C:\Program Files (x86)\MikTex\MikTeXInstallation\tex\generic\oberdiek\hobsub-
hyperref.sty"
Package: hobsub-hyperref 2016/05/16 v1.14 Bundle oberdiek, subset hyperref (HO)


("C:\Program Files (x86)\MikTex\MikTeXInstallation\tex\generic\oberdiek\hobsub-
generic.sty"
Package: hobsub-generic 2016/05/16 v1.14 Bundle oberdiek, subset generic (HO)
Package: hobsub 2016/05/16 v1.14 Construct package bundles (HO)
Package hobsub Info: Skipping package `infwarerr' (already loaded).
Package hobsub Info: Skipping package `ltxcmds' (already loaded).
Package: ifluatex 2016/05/16 v1.4 Provides the ifluatex switch (HO)
Package ifluatex Info: LuaTeX not detected.
Package: ifvtex 2016/05/16 v1.6 Detect VTeX and its facilities (HO)
Package ifvtex Info: VTeX not detected.
Package: intcalc 2016/05/16 v1.2 Expandable calculations with integers (HO)
Package: ifpdf 2016/05/14 v3.1 Provides the ifpdf switch
Package: etexcmds 2016/05/16 v1.6 Avoid name clashes with e-TeX commands (HO)
Package etexcmds Info: Could not find \expanded.
(etexcmds)             That can mean that you are not using pdfTeX 1.50 or
(etexcmds)             that some package has redefined \expanded.
(etexcmds)             In the latter case, load this package earlier.
Package: kvsetkeys 2016/05/16 v1.17 Key value parser (HO)
Package: kvdefinekeys 2016/05/16 v1.4 Define keys (HO)
Package: pdftexcmds 2016/05/21 v0.22 Utility functions of pdfTeX for LuaTeX (HO
)
Package pdftexcmds Info: LuaTeX not detected.
Package pdftexcmds Info: \pdf@primitive is available.
Package pdftexcmds Info: \pdf@ifprimitive is available.
Package pdftexcmds Info: \pdfdraftmode found.
Package: pdfescape 2016/05/16 v1.14 Implements pdfTeX's escape features (HO)
Package: bigintcalc 2016/05/16 v1.4 Expandable calculations on big integers (HO
)
Package: bitset 2016/05/16 v1.2 Handle bit-vector datatype (HO)
Package: uniquecounter 2016/05/16 v1.3 Provide unlimited unique counter (HO)
)
Package hobsub Info: Skipping package `hobsub' (already loaded).
Package: letltxmacro 2016/05/16 v1.5 Let assignment for LaTeX macros (HO)
Package: hopatch 2016/05/16 v1.3 Wrapper for package hooks (HO)
Package: xcolor-patch 2016/05/16 xcolor patch
Package: atveryend 2016/05/16 v1.9 Hooks at the very end of document (HO)
Package atveryend Info: \enddocument detected (standard20110627).
Package: atbegshi 2016/05/16 v1.17 At begin shipout hook (HO)
Package: refcount 2016/05/16 v3.5 Data extraction from label references (HO)
Package: hycolor 2016/05/16 v1.8 Color options for hyperref/bookmark (HO)
)
("C:\Program Files (x86)\MikTex\MikTeXInstallation\tex\generic\ifxetex\ifxetex.
sty"
Package: ifxetex 2010/09/12 v0.6 Provides ifxetex conditional
)
("C:\Program Files (x86)\MikTex\MikTeXInstallation\tex\latex\oberdiek\auxhook.s
ty"
Package: auxhook 2016/05/16 v1.4 Hooks for auxiliary files (HO)
)
("C:\Program Files (x86)\MikTex\MikTeXInstallation\tex\latex\oberdiek\kvoptions
.sty"
Package: kvoptions 2016/05/16 v3.12 Key value format for package options (HO)
)
\@linkdim=\dimen114
\Hy@linkcounter=\count100
\Hy@pagecounter=\count101

("C:\Program Files (x86)\MikTex\MikTeXInstallation\tex\latex\hyperref\pd1enc.de
f"
File: pd1enc.def 2016/05/21 v6.83p Hyperref: PDFDocEncoding definition (HO)
)
\Hy@SavedSpaceFactor=\count102

("C:\Program Files (x86)\MikTex\MikTeXInstallation\tex\latex\00miktex\hyperref.
cfg"
File: hyperref.cfg 2002/06/06 v1.2 hyperref configuration of TeXLive
)
Package hyperref Info: Option `colorlinks' set `true' on input line 4362.
Package hyperref Info: Hyper figures OFF on input line 4486.
Package hyperref Info: Link nesting OFF on input line 4491.
Package hyperref Info: Hyper index ON on input line 4494.
Package hyperref Info: Plain pages OFF on input line 4501.
Package hyperref Info: Backreferencing OFF on input line 4506.
Package hyperref Info: Implicit mode ON; LaTeX internals redefined.
Package hyperref Info: Bookmarks ON on input line 4735.
\c@Hy@tempcnt=\count103
 ("C:\Program Files (x86)\MikTex\MikTeXInstallation\tex\latex\url\url.sty"
\Urlmuskip=\muskip11
Package: url 2013/09/16  ver 3.4  Verb mode for urls, etc.
)
LaTeX Info: Redefining \url on input line 5088.
\XeTeXLinkMargin=\dimen115
\Fld@menulength=\count104
\Field@Width=\dimen116
\Fld@charsize=\dimen117
Package hyperref Info: Hyper figures OFF on input line 6342.
Package hyperref Info: Link nesting OFF on input line 6347.
Package hyperref Info: Hyper index ON on input line 6350.
Package hyperref Info: backreferencing OFF on input line 6357.
Package hyperref Info: Link coloring ON on input line 6360.
Package hyperref Info: Link coloring with OCG OFF on input line 6367.
Package hyperref Info: PDF/A mode OFF on input line 6372.
LaTeX Info: Redefining \ref on input line 6412.
LaTeX Info: Redefining \pageref on input line 6416.
\Hy@abspage=\count105
\c@Item=\count106
\c@Hfootnote=\count107
)

Package hyperref Message: Driver (autodetected): hpdftex.


("C:\Program Files (x86)\MikTex\MikTeXInstallation\tex\latex\hyperref\hpdftex.d
ef"
File: hpdftex.def 2016/05/21 v6.83p Hyperref driver for pdfTeX
\Fld@listcount=\count108
\c@bookmark@seq@number=\count109

("C:\Program Files (x86)\MikTex\MikTeXInstallation\tex\latex\oberdiek\rerunfile
check.sty"
Package: rerunfilecheck 2016/05/16 v1.8 Rerun checks for auxiliary files (HO)
Package uniquecounter Info: New unique counter `rerunfilecheck' on input line 2
82.
)
\Hy@SectionHShift=\skip49
)
("C:\Program Files (x86)\MikTex\MikTeXInstallation\tex\latex\natbib\natbib.sty"
Package: natbib 2010/09/13 8.31b (PWD, AO)
\bibhang=\skip50
\bibsep=\skip51
LaTeX Info: Redefining \cite on input line 694.
\c@NAT@ctr=\count110
)
("C:\Program Files (x86)\MikTex\MikTeXInstallation\tex\latex\caption\caption.st
y"
Package: caption 2016/02/21 v3.3-144 Customizing captions (AR)

("C:\Program Files (x86)\MikTex\MikTeXInstallation\tex\latex\caption\caption3.s
ty"
Package: caption3 2016/05/22 v1.7-166 caption3 kernel (AR)
Package caption3 Info: TeX engine: e-TeX on input line 67.
\captionmargin=\dimen118
\captionmargin@=\dimen119
\captionwidth=\dimen120
\caption@tempdima=\dimen121
\caption@indent=\dimen122
\caption@parindent=\dimen123
\caption@hangindent=\dimen124
)
\c@ContinuedFloat=\count111
Package caption Info: hyperref package is loaded.
)
("C:\Program Files (x86)\MikTex\MikTeXInstallation\tex\latex\listings\listings.
sty"
\lst@mode=\count112
\lst@gtempboxa=\box28
\lst@token=\toks26
\lst@length=\count113
\lst@currlwidth=\dimen125
\lst@column=\count114
\lst@pos=\count115
\lst@lostspace=\dimen126
\lst@width=\dimen127
\lst@newlines=\count116
\lst@lineno=\count117
\lst@maxwidth=\dimen128

("C:\Program Files (x86)\MikTex\MikTeXInstallation\tex\latex\listings\lstmisc.s
ty"
File: lstmisc.sty 2015/06/04 1.6 (Carsten Heinz)
\c@lstnumber=\count118
\lst@skipnumbers=\count119
\lst@framebox=\box29
)
("C:\Program Files (x86)\MikTex\MikTeXInstallation\tex\latex\listings\listings.
cfg"
File: listings.cfg 2015/06/04 1.6 listings configuration
))
Package: listings 2015/06/04 1.6 (Carsten Heinz)

("C:\Program Files (x86)\MikTex\MikTeXInstallation\tex\latex\multirow\multirow.
sty"
\bigstrutjot=\dimen129
)
("C:\Program Files (x86)\MikTex\MikTeXInstallation\tex\latex\caption\subcaption
.sty"
Package: subcaption 2016/05/22 v1.1-161 Sub-captions (AR)
\c@subfigure=\count120
\c@subtable=\count121
)
("C:\Program Files (x86)\MikTex\MikTeXInstallation\tex\latex\algorithmicx\algps
eudocode.sty"
Package: algpseudocode 

("C:\Program Files (x86)\MikTex\MikTeXInstallation\tex\latex\base\ifthen.sty"
Package: ifthen 2014/09/29 v1.1c Standard LaTeX ifthen package (DPC)
)
("C:\Program Files (x86)\MikTex\MikTeXInstallation\tex\latex\algorithmicx\algor
ithmicx.sty"
Package: algorithmicx 2005/04/27 v1.2 Algorithmicx

Document Style algorithmicx 1.2 - a greatly improved `algorithmic' style
\c@ALG@line=\count122
\c@ALG@rem=\count123
\c@ALG@nested=\count124
\ALG@tlm=\skip52
\ALG@thistlm=\skip53
\c@ALG@Lnr=\count125
\c@ALG@blocknr=\count126
\c@ALG@storecount=\count127
\c@ALG@tmpcounter=\count128
\ALG@tmplength=\skip54
)
Document Style - pseudocode environments for use with the `algorithmicx' style
)
("C:\Program Files (x86)\MikTex\MikTeXInstallation\tex\latex\algorithms\algorit
hm.sty"
Package: algorithm 2009/08/24 v0.1 Document Style `algorithm' - floating enviro
nment

("C:\Program Files (x86)\MikTex\MikTeXInstallation\tex\latex\float\float.sty"
Package: float 2001/11/08 v1.3d Float enhancements (AL)
\c@float@type=\count129
\float@exts=\toks27
\float@box=\box30
\@float@everytoks=\toks28
\@floatcapt=\box31
)
\@float@every@algorithm=\toks29
\c@algorithm=\count130
)
("C:\Program Files (x86)\MikTex\MikTeXInstallation\tex\latex\setspace\setspace.
sty"
Package: setspace 2011/12/19 v6.7a set line spacing
)
("C:\Program Files (x86)\MikTex\MikTeXInstallation\tex\latex\koma-script\scrpag
e2.sty"
Package: scrpage2 2016/05/10 v3.20 KOMA-Script package (page head and foot)
) (seminar_paper.aux)
\openout1 = `seminar_paper.aux'.

LaTeX Font Info:    Checking defaults for OML/cmm/m/it on input line 87.
LaTeX Font Info:    ... okay on input line 87.
LaTeX Font Info:    Checking defaults for T1/cmr/m/n on input line 87.
LaTeX Font Info:    ... okay on input line 87.
LaTeX Font Info:    Checking defaults for OT1/cmr/m/n on input line 87.
LaTeX Font Info:    ... okay on input line 87.
LaTeX Font Info:    Checking defaults for OMS/cmsy/m/n on input line 87.
LaTeX Font Info:    ... okay on input line 87.
LaTeX Font Info:    Checking defaults for OMX/cmex/m/n on input line 87.
LaTeX Font Info:    ... okay on input line 87.
LaTeX Font Info:    Checking defaults for U/cmr/m/n on input line 87.
LaTeX Font Info:    ... okay on input line 87.
LaTeX Font Info:    Checking defaults for PD1/pdf/m/n on input line 87.
LaTeX Font Info:    ... okay on input line 87.

("C:\Program Files (x86)\MikTex\MikTeXInstallation\tex\context\base\supp-pdf.mk
ii"
[Loading MPS to PDF converter (version 2006.09.02).]
\scratchcounter=\count131
\scratchdimen=\dimen130
\scratchbox=\box32
\nofMPsegments=\count132
\nofMParguments=\count133
\everyMPshowfont=\toks30
\MPscratchCnt=\count134
\MPscratchDim=\dimen131
\MPnumerator=\count135
\makeMPintoPDFobject=\count136
\everyMPtoPDFconversion=\toks31
)
("C:\Program Files (x86)\MikTex\MikTeXInstallation\tex\latex\oberdiek\epstopdf-
base.sty"
Package: epstopdf-base 2016/05/15 v2.6 Base part for package epstopdf

("C:\Program Files (x86)\MikTex\MikTeXInstallation\tex\latex\oberdiek\grfext.st
y"
Package: grfext 2016/05/16 v1.2 Manage graphics extensions (HO)
)
Package grfext Info: Graphics extension search list:
(grfext)             [.png,.pdf,.jpg,.mps,.jpeg,.jbig2,.jb2,.PNG,.PDF,.JPG,.JPE
G,.JBIG2,.JB2,.eps]
(grfext)             \AppendGraphicsExtensions on input line 456.
)
\AtBeginShipoutBox=\box33

("C:\Program Files (x86)\MikTex\MikTeXInstallation\tex\latex\graphics\color.sty
"
Package: color 2016/05/09 v1.1c Standard LaTeX Color (DPC)

("C:\Program Files (x86)\MikTex\MikTeXInstallation\tex\latex\00miktex\color.cfg
"
File: color.cfg 2016/01/02 v1.6 sample color configuration
)
Package color Info: Driver file: pdftex.def on input line 144.
)
Package hyperref Info: Link coloring ON on input line 87.

("C:\Program Files (x86)\MikTex\MikTeXInstallation\tex\latex\hyperref\nameref.s
ty"
Package: nameref 2016/05/21 v2.44 Cross-referencing by name of section

("C:\Program Files (x86)\MikTex\MikTeXInstallation\tex\generic\oberdiek\gettitl
estring.sty"
Package: gettitlestring 2016/05/16 v1.5 Cleanup title references (HO)
)
\c@section@level=\count137
)
LaTeX Info: Redefining \ref on input line 87.
LaTeX Info: Redefining \pageref on input line 87.
LaTeX Info: Redefining \nameref on input line 87.
 (seminar_paper.out) (seminar_paper.out)
\@outlinefile=\write3
\openout3 = `seminar_paper.out'.

Package caption Info: Begin \AtBeginDocument code.
Package caption Info: float package is loaded.
Package caption Info: listings package is loaded.
Package caption Info: End \AtBeginDocument code.
\c@lstlisting=\count138


Package scrpage2 Warning: seems you are using a very small headheight.
(scrpage2)                If you get overfull \vbox warnings at almost every
(scrpage2)                page, you should increase headheight e.g. writing
(scrpage2)                 \setlength{\headheight}{1.1\baselineskip}
(scrpage2)                into the preamble of your document.
(scrpage2)                A better solution would be to use typearea package.

(titlepage.tex) [1

{C:/ProgramData/MiKTeX/2.9/pdftex/config/pdftex.map}]
(seminar_paper.toc
LaTeX Font Info:    Try loading font information for U+msa on input line 4.

("C:\Program Files (x86)\MikTex\MikTeXInstallation\tex\latex\amsfonts\umsa.fd"
File: umsa.fd 2013/01/14 v3.01 AMS symbols A
)
LaTeX Font Info:    Try loading font information for U+msb on input line 4.
("C:\Program Files (x86)\MikTex\MikTeXInstallation\tex\latex\amsfonts\umsb.fd"
File: umsb.fd 2013/01/14 v3.01 AMS symbols B
))
\tf@toc=\write4
\openout4 = `seminar_paper.toc'.


Overfull \vbox (6.78236pt too high) has occurred while \output is active []


[2] (intro.tex) (Ensemble.tex
Overfull \vbox (6.78236pt too high) has occurred while \output is active []

pdfTeX warning (ext4): destination with the same identifier (name{page.1}) has 
been already used, duplicate ignored
<to be read again> 
                   \relax 
l.4 
     [1

] <Combining_classifiers2.png, id=123, 722.7pt x 794.97pt>
File: Combining_classifiers2.png Graphic file (type png)

<use Combining_classifiers2.png>
Package pdftex.def Info: Combining_classifiers2.png used on input line 16.
(pdftex.def)             Requested size: 252.94878pt x 278.24367pt.

Overfull \vbox (6.78236pt too high) has occurred while \output is active []

pdfTeX warning (ext4): destination with the same identifier (name{page.2}) has 
been already used, duplicate ignored
<to be read again> 
                   \relax 
l.20 
      [2]
Underfull \hbox (badness 10000) in paragraph at lines 23--24

 []


Overfull \vbox (6.78236pt too high) has occurred while \output is active []


[3 <./Combining_classifiers2.png>]) (GA.tex
Overfull \vbox (6.78236pt too high) has occurred while \output is active []


[4]
Overfull \vbox (6.78236pt too high) has occurred while \output is active []


[5]
Underfull \hbox (badness 10000) in paragraph at lines 11--13

 []


Underfull \hbox (badness 10000) in paragraph at lines 26--29

 []


Overfull \vbox (6.78236pt too high) has occurred while \output is active []


[6])
Overfull \vbox (6.78236pt too high) has occurred while \output is active []


[7] (approach.tex
Overfull \vbox (6.78236pt too high) has occurred while \output is active []


[8]
Overfull \vbox (6.78236pt too high) has occurred while \output is active []


[9] <topology.png, id=266, 273.27094pt x 157.33781pt>
File: topology.png Graphic file (type png)
 <use topology.png>
Package pdftex.def Info: topology.png used on input line 49.
(pdftex.def)             Requested size: 245.94154pt x 141.6027pt.

Overfull \vbox (6.78236pt too high) has occurred while \output is active []


[10]
Overfull \vbox (6.78236pt too high) has occurred while \output is active []


[11 <./topology.png>])
Overfull \vbox (6.78236pt too high) has occurred while \output is active []


[12] (evaluation.tex <Conv_N_bin_EA.png, id=320, 370.38374pt x 308.65312pt>
File: Conv_N_bin_EA.png Graphic file (type png)

<use Conv_N_bin_EA.png>
Package pdftex.def Info: Conv_N_bin_EA.png used on input line 14.
(pdftex.def)             Requested size: 220.50885pt x 183.75685pt.

<Conv_N_real_EA.png, id=321, 370.38374pt x 308.65312pt>
File: Conv_N_real_EA.png Graphic file (type png)

<use Conv_N_real_EA.png>
Package pdftex.def Info: Conv_N_real_EA.png used on input line 20.
(pdftex.def)             Requested size: 220.50885pt x 183.75685pt.
 <Conv_bin_bag.png, id=322, 370.38374pt x 308.65312pt>
File: Conv_bin_bag.png Graphic file (type png)

<use Conv_bin_bag.png>
Package pdftex.def Info: Conv_bin_bag.png used on input line 32.
(pdftex.def)             Requested size: 220.50885pt x 183.75685pt.

<Conv_real_bag_EA.png, id=323, 370.38374pt x 308.65312pt>
File: Conv_real_bag_EA.png Graphic file (type png)

<use Conv_real_bag_EA.png>
Package pdftex.def Info: Conv_real_bag_EA.png used on input line 38.
(pdftex.def)             Requested size: 220.50885pt x 183.75685pt.

Overfull \vbox (6.78236pt too high) has occurred while \output is active []


[13]
Overfull \vbox (6.78236pt too high) has occurred while \output is active []


[14 <./Conv_N_bin_EA.png> <./Conv_N_real_EA.png> <./Conv_bin_bag.png> <./Conv_r
eal_bag_EA.png>] <Perform_size.png, id=345, 370.38374pt x 308.65312pt>
File: Perform_size.png Graphic file (type png)

<use Perform_size.png>
Package pdftex.def Info: Perform_size.png used on input line 82.
(pdftex.def)             Requested size: 296.30739pt x 246.92282pt.

Overfull \vbox (6.78236pt too high) has occurred while \output is active []


[15]) (conclusion.tex
Overfull \vbox (6.78236pt too high) has occurred while \output is active []


[16 <./Perform_size.png>])
Overfull \vbox (6.78236pt too high) has occurred while \output is active []


[17] (seminar_paper.bbl
Overfull \vbox (6.78236pt too high) has occurred while \output is active []


[18]
Underfull \hbox (badness 1584) in paragraph at lines 146--150
[]\OT1/cmr/m/sc/10.95 Polikar, R. \OT1/cmr/m/n/10.95 (2008): ``Com-bin-ing clas
-si-fiers with dif-fer-ent de-ci-sion bound-aries re-
 []


Overfull \vbox (6.78236pt too high) has occurred while \output is active []


[19])
Overfull \vbox (6.78236pt too high) has occurred while \output is active []


[20] (authorship.tex)
Package atveryend Info: Empty hook `BeforeClearDocument' on input line 216.
 [21]
Overfull \vbox (6.78236pt too high) has occurred while \output is active []


[22]
Package atveryend Info: Empty hook `AfterLastShipout' on input line 216.
 (seminar_paper.aux)
Package atveryend Info: Executing hook `AtVeryEndDocument' on input line 216.
Package atveryend Info: Executing hook `AtEndAfterFileList' on input line 216.
Package rerunfilecheck Info: File `seminar_paper.out' has not changed.
(rerunfilecheck)             Checksum: EB35C14A98461B1DF1243410B59C626D;1013.
Package atveryend Info: Empty hook `AtVeryVeryEnd' on input line 216.
 ) 
Here is how much of TeX's memory you used:
 9830 strings out of 493335
 148543 string characters out of 3130234
 255522 words of memory out of 3000000
 13118 multiletter control sequences out of 15000+200000
 11675 words of font info for 43 fonts, out of 3000000 for 9000
 1141 hyphenation exceptions out of 8191
 36i,11n,43p,1772b,479s stack positions out of 5000i,500n,10000p,200000b,50000s
<C:/Program Files (x86)/MikTex/MikTeXInstallation/fonts/type1/public/amsfonts
/cm/cmbx10.pfb><C:/Program Files (x86)/MikTex/MikTeXInstallation/fonts/type1/pu
blic/amsfonts/cm/cmbx12.pfb><C:/Program Files (x86)/MikTex/MikTeXInstallation/f
onts/type1/public/amsfonts/cm/cmcsc10.pfb><C:/Program Files (x86)/MikTex/MikTeX
Installation/fonts/type1/public/amsfonts/cm/cmex10.pfb><C:/Program Files (x86)/
MikTex/MikTeXInstallation/fonts/type1/public/amsfonts/cmextra/cmex8.pfb><C:/Pro
gram Files (x86)/MikTex/MikTeXInstallation/fonts/type1/public/amsfonts/cm/cmmi1
0.pfb><C:/Program Files (x86)/MikTex/MikTeXInstallation/fonts/type1/public/amsf
onts/cm/cmmi6.pfb><C:/Program Files (x86)/MikTex/MikTeXInstallation/fonts/type1
/public/amsfonts/cm/cmmi8.pfb><C:/Program Files (x86)/MikTex/MikTeXInstallation
/fonts/type1/public/amsfonts/cm/cmr10.pfb><C:/Program Files (x86)/MikTex/MikTeX
Installation/fonts/type1/public/amsfonts/cm/cmr6.pfb><C:/Program Files (x86)/Mi
kTex/MikTeXInstallation/fonts/type1/public/amsfonts/cm/cmr8.pfb><C:/Program Fil
es (x86)/MikTex/MikTeXInstallation/fonts/type1/public/amsfonts/cm/cmsl10.pfb><C
:/Program Files (x86)/MikTex/MikTeXInstallation/fonts/type1/public/amsfonts/cm/
cmsy10.pfb><C:/Program Files (x86)/MikTex/MikTeXInstallation/fonts/type1/public
/amsfonts/cm/cmti10.pfb><C:/Program Files (x86)/MikTex/MikTeXInstallation/fonts
/type1/public/amsfonts/cm/cmtt10.pfb>
Output written on seminar_paper.pdf (24 pages, 822113 bytes).
PDF statistics:
 467 PDF objects out of 1000 (max. 8388607)
 91 named destinations out of 1000 (max. 500000)
 156 words of extra memory for PDF output out of 10000 (max. 10000000)

